

Started GET "/rails/info/properties" for 127.0.0.1 at Mon Sep 06 12:40:56 -0700 2010
  Processing by Rails::InfoController#properties as HTML
  [1m[36mSQL (0.3ms)[0m  [1m SELECT name
 FROM sqlite_master
 WHERE type = 'table' AND NOT name = 'sqlite_sequence'
[0m
Rendered inline template (0.3ms)
Completed 200 OK in 50ms (Views: 1.4ms | ActiveRecord: 0.3ms)


Started GET "/rails/info/properties" for 127.0.0.1 at Mon Sep 06 12:41:29 -0700 2010
  Processing by Rails::InfoController#properties as HTML
Rendered inline template (0.2ms)
Completed 200 OK in 1ms (Views: 0.7ms | ActiveRecord: 0.0ms)


Started GET "/journal" for 127.0.0.1 at Mon Sep 06 12:49:48 -0700 2010

ActionController::RoutingError (No route matches "/journal"):
  

Rendered /Library/Ruby/Gems/1.8/gems/actionpack-3.0.0/lib/action_dispatch/middleware/templates/rescues/routing_error.erb within rescues/layout (0.8ms)


Started GET "/journal/index" for 127.0.0.1 at Mon Sep 06 12:51:01 -0700 2010
  Processing by JournalController#index as HTML
Rendered journal/index.html.erb within layouts/application (2.2ms)
Completed 200 OK in 11ms (Views: 10.2ms | ActiveRecord: 0.0ms)


Started GET "/journal/index" for 127.0.0.1 at Mon Sep 06 12:51:03 -0700 2010
  Processing by JournalController#index as HTML
Rendered journal/index.html.erb within layouts/application (1.6ms)
Completed 200 OK in 7ms (Views: 6.4ms | ActiveRecord: 0.0ms)


Started GET "/journal/index" for 127.0.0.1 at Mon Sep 06 12:51:04 -0700 2010
  Processing by JournalController#index as HTML
Rendered journal/index.html.erb within layouts/application (1.5ms)
Completed 200 OK in 7ms (Views: 6.1ms | ActiveRecord: 0.0ms)
